<?xml version="1.0" encoding="UTF-8"?>
<!-- Generated by org.testng.reporters.JUnitReportReporter -->
<testsuite hostname="Osama-MacBook-Pro.local" failures="0" tests="1" name="com.learnautomation.testcases.LoginTestCRM" time="25.496" errors="0" timestamp="2022-08-03T16:24:29 PKT" skipped="0">
  <testcase classname="com.learnautomation.testcases.LoginTestCRM" name="loginApp" time="25.496"/>
  <system-out/>
</testsuite> <!-- com.learnautomation.testcases.LoginTestCRM -->
